[debug] [2022-08-25T18:40:43.774Z] ----------------------------------------------------------------------
[debug] [2022-08-25T18:40:43.777Z] Command:       C:\Program Files\nodejs\node.exe C:\Users\Brian\AppData\Roaming\npm\node_modules\firebase-tools\lib\bin\firebase.js emulators:start
[debug] [2022-08-25T18:40:43.777Z] CLI Version:   11.8.0
[debug] [2022-08-25T18:40:43.777Z] Platform:      win32
[debug] [2022-08-25T18:40:43.778Z] Node Version:  v16.17.0
[debug] [2022-08-25T18:40:43.787Z] Time:          Thu Aug 25 2022 14:40:43 GMT-0400 (Eastern Daylight Time)
[debug] [2022-08-25T18:40:43.787Z] ----------------------------------------------------------------------
[debug] 
[debug] [2022-08-25T18:40:43.946Z] > command requires scopes: ["email","openid","https://www.googleapis.com/auth/cloudplatformprojects.readonly","https://www.googleapis.com/auth/firebase","https://www.googleapis.com/auth/cloud-platform"]
[debug] [2022-08-25T18:40:43.947Z] > authorizing via signed-in user (blin00712@gmail.com)
[info] i  emulators: Starting emulators: functions {"metadata":{"emulator":{"name":"hub"},"message":"Starting emulators: functions"}}
[debug] [2022-08-25T18:40:44.025Z] [hub] writing locator at C:\Users\Brian\AppData\Local\Temp\hub-game-store-589e9.json
[warn] !  functions: The following emulators are not running, calls to these services from the Functions emulator will affect production: auth, firestore, database, hosting, pubsub, storage, eventarc {"metadata":{"emulator":{"name":"functions"},"message":"The following emulators are not running, calls to these services from the Functions emulator will affect production: \u001b[1mauth, firestore, database, hosting, pubsub, storage, eventarc\u001b[22m"}}
[info] +  functions: Using node@16 from host. {"metadata":{"emulator":{"name":"functions"},"message":"Using node@16 from host."}}
[debug] [2022-08-25T18:40:44.130Z] defaultcredentials: writing to file C:\Users\Brian\AppData\Roaming\firebase\blin00712_gmail_com_application_default_credentials.json
[debug] [2022-08-25T18:40:44.158Z] Setting GAC to C:\Users\Brian\AppData\Roaming\firebase\blin00712_gmail_com_application_default_credentials.json {"metadata":{"emulator":{"name":"functions"},"message":"Setting GAC to C:\\Users\\Brian\\AppData\\Roaming\\firebase\\blin00712_gmail_com_application_default_credentials.json"}}
[debug] [2022-08-25T18:40:44.175Z] > refreshing access token with scopes: []
[debug] [2022-08-25T18:40:44.179Z] >>> [apiv2][query] POST https://www.googleapis.com/oauth2/v3/token [none]
[debug] [2022-08-25T18:40:44.180Z] >>> [apiv2][body] POST https://www.googleapis.com/oauth2/v3/token [omitted]
[debug] [2022-08-25T18:40:44.326Z] <<< [apiv2][status] POST https://www.googleapis.com/oauth2/v3/token 200
[debug] [2022-08-25T18:40:44.326Z] <<< [apiv2][body] POST https://www.googleapis.com/oauth2/v3/token [omitted]
[debug] [2022-08-25T18:40:44.333Z] >>> [apiv2][query] GET https://firebase.googleapis.com/v1beta1/projects/game-store-589e9/adminSdkConfig [none]
[debug] [2022-08-25T18:40:44.588Z] <<< [apiv2][status] GET https://firebase.googleapis.com/v1beta1/projects/game-store-589e9/adminSdkConfig 200
[debug] [2022-08-25T18:40:44.589Z] <<< [apiv2][body] GET https://firebase.googleapis.com/v1beta1/projects/game-store-589e9/adminSdkConfig {"projectId":"game-store-589e9","storageBucket":"game-store-589e9.appspot.com","locationId":"us-central"}
[debug] [2022-08-25T18:40:44.645Z] Ignoring unsupported arg: auto_download {"metadata":{"emulator":{"name":"ui"},"message":"Ignoring unsupported arg: auto_download"}}
[debug] [2022-08-25T18:40:44.645Z] Ignoring unsupported arg: port {"metadata":{"emulator":{"name":"ui"},"message":"Ignoring unsupported arg: port"}}
[debug] [2022-08-25T18:40:44.646Z] Starting Emulator UI with command {"binary":"node","args":["C:\\Users\\Brian\\.cache\\firebase\\emulators\\ui-v1.9.0\\server\\server.js"],"optionalArgs":[],"joinArgs":false} {"metadata":{"emulator":{"name":"ui"},"message":"Starting Emulator UI with command {\"binary\":\"node\",\"args\":[\"C:\\\\Users\\\\Brian\\\\.cache\\\\firebase\\\\emulators\\\\ui-v1.9.0\\\\server\\\\server.js\"],\"optionalArgs\":[],\"joinArgs\":false}"}}
[info] i  ui: Emulator UI logging to ui-debug.log {"metadata":{"emulator":{"name":"ui"},"message":"Emulator UI logging to \u001b[1mui-debug.log\u001b[22m"}}
[debug] [2022-08-25T18:40:44.939Z] Web / API server started at localhost:4000
 {"metadata":{"emulator":{"name":"ui"},"message":"Web / API server started at localhost:4000\n"}}
[info] i  functions: Watching "C:\Users\Brian\Documents\CS Projects\game-store\functions" for Cloud Functions... {"metadata":{"emulator":{"name":"functions"},"message":"Watching \"C:\\Users\\Brian\\Documents\\CS Projects\\game-store\\functions\" for Cloud Functions..."}}
[debug] [2022-08-25T18:40:45.191Z] Validating nodejs source
[debug] [2022-08-25T18:40:50.678Z] > [functions] package.json contents: {
  "name": "functions",
  "description": "Cloud Functions for Firebase",
  "scripts": {
    "lint": "eslint .",
    "serve": "firebase emulators:start --only functions",
    "shell": "firebase functions:shell",
    "start": "npm run shell",
    "deploy": "firebase deploy --only functions",
    "logs": "firebase functions:log"
  },
  "engines": {
    "node": "16"
  },
  "main": "index.js",
  "dependencies": {
    "cors": "^2.8.5",
    "dotenv": "^16.0.1",
    "express": "^4.18.1",
    "firebase-admin": "^10.0.2",
    "firebase-functions": "^3.18.0",
    "stripe": "^10.5.0"
  },
  "devDependencies": {
    "eslint": "^8.9.0",
    "eslint-config-google": "^0.14.0",
    "firebase-functions-test": "^0.2.0"
  },
  "private": true
}
[debug] [2022-08-25T18:40:50.678Z] Building nodejs source
[debug] [2022-08-25T18:40:50.679Z] Analyzing nodejs backend spec
[debug] [2022-08-25T18:40:50.681Z] Could not find functions.yaml. Must use http discovery
[debug] [2022-08-25T18:40:51.210Z] Serving at port 9005

[debug] [2022-08-25T18:40:51.611Z] Got response from /__/functions.yaml {"endpoints":{"api":{"platform":"gcfv1","httpsTrigger":{},"entryPoint":"api"}},"specVersion":"v1alpha1","requiredAPIs":[]}
[debug] [2022-08-25T18:40:51.622Z] shutdown requested via /__/quitquitquit

[info] +  functions: Loaded functions definitions from source: api. {"metadata":{"emulator":{"name":"functions"},"message":"Loaded functions definitions from source: api."}}
[info] +  functions[us-central1-api]: http function initialized (http://localhost:5001/game-store-589e9/us-central1/api). {"metadata":{"emulator":{"name":"functions"},"message":"\u001b[1mhttp\u001b[22m function initialized (http://localhost:5001/game-store-589e9/us-central1/api)."}}
[info] 
┌─────────────────────────────────────────────────────────────┐
│ ✔  All emulators ready! It is now safe to connect your app. │
│ i  View Emulator UI at http://localhost:4000                │
└─────────────────────────────────────────────────────────────┘

┌───────────┬────────────────┬─────────────────────────────────┐
│ Emulator  │ Host:Port      │ View in Emulator UI             │
├───────────┼────────────────┼─────────────────────────────────┤
│ Functions │ localhost:5001 │ http://localhost:4000/functions │
└───────────┴────────────────┴─────────────────────────────────┘
  Emulator Hub running at localhost:4400
  Other reserved ports: 4500

Issues? Report them at https://github.com/firebase/firebase-tools/issues and attach the *-debug.log files.
 
[debug] [2022-08-25T18:42:32.729Z] [work-queue] {"queueLength":1,"workRunningCount":0}
[debug] [2022-08-25T18:42:32.730Z] [work-queue] {"queueLength":0,"workRunningCount":1}
[debug] [2022-08-25T18:42:32.730Z] Accepted request GET /game-store-589e9/us-central1/api --> us-central1-api
[info] i  functions: Loaded environment variables from .env. 
[debug] [2022-08-25T18:42:32.760Z] [worker-pool] addWorker(us-central1-api) {"metadata":{"emulator":{"name":"functions"},"message":"[worker-pool] addWorker(us-central1-api)"}}
[debug] [2022-08-25T18:42:32.762Z] [worker-pool] Adding worker with key us-central1-api, total=1 {"metadata":{"emulator":{"name":"functions"},"message":"[worker-pool] Adding worker with key us-central1-api, total=1"}}
[debug] [2022-08-25T18:42:32.763Z] [worker-pool] submitWork(triggerId=us-central1-api) {"metadata":{"emulator":{"name":"functions"},"message":"[worker-pool] submitWork(triggerId=us-central1-api)"}}
[debug] [2022-08-25T18:42:32.763Z] [worker-us-central1-api-4224c203-dd9c-4dd5-8400-38689fe102af]: BUSY {"metadata":{"emulator":{"name":"functions"},"message":"[worker-us-central1-api-4224c203-dd9c-4dd5-8400-38689fe102af]: BUSY"}}
[debug] [2022-08-25T18:42:36.090Z] [runtime-status] [39236] Resolved module firebase-admin {"declared":true,"installed":true,"version":"10.3.0","resolution":"C:\\Users\\Brian\\Documents\\CS Projects\\game-store\\functions\\node_modules\\firebase-admin\\lib\\index.js"} {"metadata":{"emulator":{"name":"functions"},"function":{"name":"us-central1-api"},"extension":{},"message":"[runtime-status] [39236] Resolved module firebase-admin {\"declared\":true,\"installed\":true,\"version\":\"10.3.0\",\"resolution\":\"C:\\\\Users\\\\Brian\\\\Documents\\\\CS Projects\\\\game-store\\\\functions\\\\node_modules\\\\firebase-admin\\\\lib\\\\index.js\"}"}}
[debug] [2022-08-25T18:42:36.096Z] [runtime-status] [39236] Resolved module firebase-functions {"declared":true,"installed":true,"version":"3.22.0","resolution":"C:\\Users\\Brian\\Documents\\CS Projects\\game-store\\functions\\node_modules\\firebase-functions\\lib\\index.js"} {"metadata":{"emulator":{"name":"functions"},"function":{"name":"us-central1-api"},"extension":{},"message":"[runtime-status] [39236] Resolved module firebase-functions {\"declared\":true,\"installed\":true,\"version\":\"3.22.0\",\"resolution\":\"C:\\\\Users\\\\Brian\\\\Documents\\\\CS Projects\\\\game-store\\\\functions\\\\node_modules\\\\firebase-functions\\\\lib\\\\index.js\"}"}}
[debug] [2022-08-25T18:42:36.097Z] [runtime-status] [39236] Outgoing network have been stubbed. [{"name":"http","status":"mocked"},{"name":"http","status":"mocked"},{"name":"https","status":"mocked"},{"name":"https","status":"mocked"},{"name":"net","status":"mocked"}] {"metadata":{"emulator":{"name":"functions"},"function":{"name":"us-central1-api"},"extension":{},"message":"[runtime-status] [39236] Outgoing network have been stubbed. [{\"name\":\"http\",\"status\":\"mocked\"},{\"name\":\"http\",\"status\":\"mocked\"},{\"name\":\"https\",\"status\":\"mocked\"},{\"name\":\"https\",\"status\":\"mocked\"},{\"name\":\"net\",\"status\":\"mocked\"}]"}}
[debug] [2022-08-25T18:42:36.101Z] [runtime-status] [39236] Resolved module firebase-functions {"declared":true,"installed":true,"version":"3.22.0","resolution":"C:\\Users\\Brian\\Documents\\CS Projects\\game-store\\functions\\node_modules\\firebase-functions\\lib\\index.js"} {"metadata":{"emulator":{"name":"functions"},"function":{"name":"us-central1-api"},"extension":{},"message":"[runtime-status] [39236] Resolved module firebase-functions {\"declared\":true,\"installed\":true,\"version\":\"3.22.0\",\"resolution\":\"C:\\\\Users\\\\Brian\\\\Documents\\\\CS Projects\\\\game-store\\\\functions\\\\node_modules\\\\firebase-functions\\\\lib\\\\index.js\"}"}}
[debug] [2022-08-25T18:42:36.221Z] [runtime-status] [39236] Checked functions.config() {"config":{}} {"metadata":{"emulator":{"name":"functions"},"function":{"name":"us-central1-api"},"extension":{},"message":"[runtime-status] [39236] Checked functions.config() {\"config\":{}}"}}
[debug] [2022-08-25T18:42:36.222Z] [runtime-status] [39236] firebase-functions has been stubbed. {"functionsResolution":{"declared":true,"installed":true,"version":"3.22.0","resolution":"C:\\Users\\Brian\\Documents\\CS Projects\\game-store\\functions\\node_modules\\firebase-functions\\lib\\index.js"}} {"metadata":{"emulator":{"name":"functions"},"function":{"name":"us-central1-api"},"extension":{},"message":"[runtime-status] [39236] firebase-functions has been stubbed. {\"functionsResolution\":{\"declared\":true,\"installed\":true,\"version\":\"3.22.0\",\"resolution\":\"C:\\\\Users\\\\Brian\\\\Documents\\\\CS Projects\\\\game-store\\\\functions\\\\node_modules\\\\firebase-functions\\\\lib\\\\index.js\"}}"}}
[debug] [2022-08-25T18:42:36.223Z] [runtime-status] [39236] Resolved module firebase-functions {"declared":true,"installed":true,"version":"3.22.0","resolution":"C:\\Users\\Brian\\Documents\\CS Projects\\game-store\\functions\\node_modules\\firebase-functions\\lib\\index.js"} {"metadata":{"emulator":{"name":"functions"},"function":{"name":"us-central1-api"},"extension":{},"message":"[runtime-status] [39236] Resolved module firebase-functions {\"declared\":true,\"installed\":true,\"version\":\"3.22.0\",\"resolution\":\"C:\\\\Users\\\\Brian\\\\Documents\\\\CS Projects\\\\game-store\\\\functions\\\\node_modules\\\\firebase-functions\\\\lib\\\\index.js\"}"}}
[debug] [2022-08-25T18:42:36.225Z] [runtime-status] [39236] Resolved module firebase-admin {"declared":true,"installed":true,"version":"10.3.0","resolution":"C:\\Users\\Brian\\Documents\\CS Projects\\game-store\\functions\\node_modules\\firebase-admin\\lib\\index.js"} {"metadata":{"emulator":{"name":"functions"},"function":{"name":"us-central1-api"},"extension":{},"message":"[runtime-status] [39236] Resolved module firebase-admin {\"declared\":true,\"installed\":true,\"version\":\"10.3.0\",\"resolution\":\"C:\\\\Users\\\\Brian\\\\Documents\\\\CS Projects\\\\game-store\\\\functions\\\\node_modules\\\\firebase-admin\\\\lib\\\\index.js\"}"}}
[debug] [2022-08-25T18:42:36.226Z] [runtime-status] [39236] Resolved module firebase-functions {"declared":true,"installed":true,"version":"3.22.0","resolution":"C:\\Users\\Brian\\Documents\\CS Projects\\game-store\\functions\\node_modules\\firebase-functions\\lib\\index.js"} {"metadata":{"emulator":{"name":"functions"},"function":{"name":"us-central1-api"},"extension":{},"message":"[runtime-status] [39236] Resolved module firebase-functions {\"declared\":true,\"installed\":true,\"version\":\"3.22.0\",\"resolution\":\"C:\\\\Users\\\\Brian\\\\Documents\\\\CS Projects\\\\game-store\\\\functions\\\\node_modules\\\\firebase-functions\\\\lib\\\\index.js\"}"}}
[debug] [2022-08-25T18:42:36.227Z] [runtime-status] [39236] firebase-admin has been stubbed. {"adminResolution":{"declared":true,"installed":true,"version":"10.3.0","resolution":"C:\\Users\\Brian\\Documents\\CS Projects\\game-store\\functions\\node_modules\\firebase-admin\\lib\\index.js"}} {"metadata":{"emulator":{"name":"functions"},"function":{"name":"us-central1-api"},"extension":{},"message":"[runtime-status] [39236] firebase-admin has been stubbed. {\"adminResolution\":{\"declared\":true,\"installed\":true,\"version\":\"10.3.0\",\"resolution\":\"C:\\\\Users\\\\Brian\\\\Documents\\\\CS Projects\\\\game-store\\\\functions\\\\node_modules\\\\firebase-admin\\\\lib\\\\index.js\"}}"}}
[debug] [2022-08-25T18:42:36.227Z] [runtime-status] [39236] Functions runtime initialized. {"cwd":"C:\\Users\\Brian\\Documents\\CS Projects\\game-store\\functions","node_version":"16.17.0"} {"metadata":{"emulator":{"name":"functions"},"function":{"name":"us-central1-api"},"extension":{},"message":"[runtime-status] [39236] Functions runtime initialized. {\"cwd\":\"C:\\\\Users\\\\Brian\\\\Documents\\\\CS Projects\\\\game-store\\\\functions\",\"node_version\":\"16.17.0\"}"}}
[debug] [2022-08-25T18:42:36.765Z] [runtime-status] [39236] Beginning invocation function api! {"metadata":{"emulator":{"name":"functions"},"function":{"name":"us-central1-api"},"extension":{},"message":"[runtime-status] [39236] Beginning invocation function api!"}}
[info] i  functions: Beginning execution of "api" {"metadata":{"emulator":{"name":"functions"},"function":{"name":"us-central1-api"},"extension":{},"message":"Beginning execution of \"api\""}}
[debug] [2022-08-25T18:42:36.766Z] [runtime-status] [39236] Running api in signature http {"metadata":{"emulator":{"name":"functions"},"function":{"name":"us-central1-api"},"extension":{},"message":"[runtime-status] [39236] Running api in signature http"}}
[debug] [2022-08-25T18:42:36.772Z] [runtime-status] [39236] Listening to port: \\?\pipe\fire_emu_424a196c48d1cc67 {"metadata":{"emulator":{"name":"functions"},"function":{"name":"us-central1-api"},"extension":{},"message":"[runtime-status] [39236] Listening to port: \\\\?\\pipe\\fire_emu_424a196c48d1cc67"}}
[debug] [2022-08-25T18:42:36.855Z] [functions] Runtime ready! Sending request! {"metadata":{"emulator":{"name":"functions"},"message":"[functions] Runtime ready! Sending request!"}}
[debug] [2022-08-25T18:42:36.856Z] [functions] Got req.url=/game-store-589e9/us-central1/api, mapping to path=/ {"metadata":{"emulator":{"name":"functions"},"message":"[functions] Got req.url=/game-store-589e9/us-central1/api, mapping to path=/"}}
[debug] [2022-08-25T18:42:36.858Z] [runtime-status] [39236] Ephemeral server handling GET request {"metadata":{"emulator":{"name":"functions"},"function":{"name":"us-central1-api"},"extension":{},"message":"[runtime-status] [39236] Ephemeral server handling GET request"}}
[debug] [2022-08-25T18:42:36.867Z] [runtime-status] [39236] Ephemeral server survived. {"metadata":{"emulator":{"name":"functions"},"function":{"name":"us-central1-api"},"extension":{},"message":"[runtime-status] [39236] Ephemeral server survived."}}
[info] i  functions: Finished "api" in ~1s {"metadata":{"emulator":{"name":"functions"},"function":{"name":"us-central1-api"},"extension":{},"message":"Finished \"api\" in ~1s"}}
[debug] [2022-08-25T18:42:36.868Z] [worker-us-central1-api-4224c203-dd9c-4dd5-8400-38689fe102af]: IDLE {"metadata":{"emulator":{"name":"functions"},"message":"[worker-us-central1-api-4224c203-dd9c-4dd5-8400-38689fe102af]: IDLE"}}
[debug] [2022-08-25T18:42:36.869Z] [work-queue] {"queueLength":0,"workRunningCount":0}
[debug] [2022-08-25T18:42:45.962Z] [work-queue] {"queueLength":1,"workRunningCount":0}
[debug] [2022-08-25T18:42:45.962Z] [work-queue] {"queueLength":0,"workRunningCount":1}
[debug] [2022-08-25T18:42:45.963Z] Accepted request GET /game-store-589e9/us-central1/api/search?game=portal%202 --> us-central1-api
[debug] [2022-08-25T18:42:45.963Z] [worker-pool] submitWork(triggerId=us-central1-api) {"metadata":{"emulator":{"name":"functions"},"message":"[worker-pool] submitWork(triggerId=us-central1-api)"}}
[debug] [2022-08-25T18:42:45.963Z] [worker-us-central1-api-4224c203-dd9c-4dd5-8400-38689fe102af]: BUSY {"metadata":{"emulator":{"name":"functions"},"message":"[worker-us-central1-api-4224c203-dd9c-4dd5-8400-38689fe102af]: BUSY"}}
[debug] [2022-08-25T18:42:45.966Z] [runtime-status] [39236] Beginning invocation function api! {"metadata":{"emulator":{"name":"functions"},"function":{"name":"us-central1-api"},"extension":{},"message":"[runtime-status] [39236] Beginning invocation function api!"}}
[info] i  functions: Beginning execution of "api" {"metadata":{"emulator":{"name":"functions"},"function":{"name":"us-central1-api"},"extension":{},"message":"Beginning execution of \"api\""}}
[debug] [2022-08-25T18:42:45.968Z] [runtime-status] [39236] Running api in signature http {"metadata":{"emulator":{"name":"functions"},"function":{"name":"us-central1-api"},"extension":{},"message":"[runtime-status] [39236] Running api in signature http"}}
[debug] [2022-08-25T18:42:45.970Z] [runtime-status] [39236] Listening to port: \\?\pipe\fire_emu_424a196c48d1cc67 {"metadata":{"emulator":{"name":"functions"},"function":{"name":"us-central1-api"},"extension":{},"message":"[runtime-status] [39236] Listening to port: \\\\?\\pipe\\fire_emu_424a196c48d1cc67"}}
[debug] [2022-08-25T18:42:46.072Z] [functions] Runtime ready! Sending request! {"metadata":{"emulator":{"name":"functions"},"message":"[functions] Runtime ready! Sending request!"}}
[debug] [2022-08-25T18:42:46.073Z] [functions] Got req.url=/game-store-589e9/us-central1/api/search?game=portal%202, mapping to path=/search?game=portal%202 {"metadata":{"emulator":{"name":"functions"},"message":"[functions] Got req.url=/game-store-589e9/us-central1/api/search?game=portal%202, mapping to path=/search?game=portal%202"}}
[debug] [2022-08-25T18:42:46.075Z] [runtime-status] [39236] Ephemeral server handling GET request {"metadata":{"emulator":{"name":"functions"},"function":{"name":"us-central1-api"},"extension":{},"message":"[runtime-status] [39236] Ephemeral server handling GET request"}}
[info] >  game query search received:  portal-2 {"user":"game query search received:  portal-2","metadata":{"emulator":{"name":"functions"},"function":{"name":"us-central1-api"},"extension":{},"message":"\u001b[90m> \u001b[39m game query search received:  portal-2"}}
[debug] [2022-08-25T18:42:46.111Z] [runtime-status] [39236] Ephemeral server survived. {"metadata":{"emulator":{"name":"functions"},"function":{"name":"us-central1-api"},"extension":{},"message":"[runtime-status] [39236] Ephemeral server survived."}}
[info] i  functions: Finished "api" in ~1s {"metadata":{"emulator":{"name":"functions"},"function":{"name":"us-central1-api"},"extension":{},"message":"Finished \"api\" in ~1s"}}
[debug] [2022-08-25T18:42:46.587Z] [worker-us-central1-api-4224c203-dd9c-4dd5-8400-38689fe102af]: IDLE {"metadata":{"emulator":{"name":"functions"},"message":"[worker-us-central1-api-4224c203-dd9c-4dd5-8400-38689fe102af]: IDLE"}}
[debug] [2022-08-25T18:42:46.587Z] [work-queue] {"queueLength":0,"workRunningCount":0}
